{"C:\\Users\\rainb\\OneDrive\\Desktop\\hireable-design\\apps\\web\\src\\components\\ui\\badge.tsx": {"path":"C:\\Users\\rainb\\OneDrive\\Desktop\\hireable-design\\apps\\web\\src\\components\\ui\\badge.tsx","statementMap":{"0":{"start":{"line":5,"column":6},"end":{"line":28,"column":null}},"1":{"start":{"line":36,"column":2},"end":{"line":37,"column":null}}},"fnMap":{"0":{"name":"Badge","decl":{"start":{"line":35,"column":9},"end":{"line":35,"column":15}},"loc":{"start":{"line":35,"column":61},"end":{"line":39,"column":null}},"line":35}},"branchMap":{},"s":{"0":1,"1":7},"f":{"0":7},"b":{},"meta":{"lastBranch":0,"lastFunction":1,"lastStatement":2,"seen":{"s:5:6:28:Infinity":0,"f:35:9:35:15":0,"s:36:2:37:Infinity":1}}}
,"C:\\Users\\rainb\\OneDrive\\Desktop\\hireable-design\\apps\\web\\src\\components\\ui\\button.tsx": {"path":"C:\\Users\\rainb\\OneDrive\\Desktop\\hireable-design\\apps\\web\\src\\components\\ui\\button.tsx","statementMap":{"0":{"start":{"line":8,"column":6},"end":{"line":36,"column":null}},"1":{"start":{"line":45,"column":15},"end":{"line":56,"column":null}},"2":{"start":{"line":47,"column":17},"end":{"line":47,"column":null}},"3":{"start":{"line":48,"column":4},"end":{"line":53,"column":null}},"4":{"start":{"line":57,"column":0},"end":{"line":57,"column":null}}},"fnMap":{"0":{"name":"(anonymous_0)","decl":{"start":{"line":46,"column":2},"end":{"line":46,"column":3}},"loc":{"start":{"line":46,"column":68},"end":{"line":55,"column":null}},"line":46}},"branchMap":{"0":{"loc":{"start":{"line":46,"column":31},"end":{"line":46,"column":48}},"type":"default-arg","locations":[{"start":{"line":46,"column":41},"end":{"line":46,"column":48}}],"line":46},"1":{"loc":{"start":{"line":47,"column":17},"end":{"line":47,"column":null}},"type":"cond-expr","locations":[{"start":{"line":47,"column":27},"end":{"line":47,"column":34}},{"start":{"line":47,"column":34},"end":{"line":47,"column":null}}],"line":47}},"s":{"0":1,"1":1,"2":5,"3":5,"4":1},"f":{"0":5},"b":{"0":[5],"1":[1,4]},"meta":{"lastBranch":2,"lastFunction":1,"lastStatement":5,"seen":{"s:8:6:36:Infinity":0,"s:45:15:56:Infinity":1,"f:46:2:46:3":0,"b:46:41:46:48":0,"s:47:17:47:Infinity":2,"b:47:27:47:34:47:34:47:Infinity":1,"s:48:4:53:Infinity":3,"s:57:0:57:Infinity":4}}}
,"C:\\Users\\rainb\\OneDrive\\Desktop\\hireable-design\\apps\\web\\src\\components\\ui\\input.tsx": {"path":"C:\\Users\\rainb\\OneDrive\\Desktop\\hireable-design\\apps\\web\\src\\components\\ui\\input.tsx","statementMap":{"0":{"start":{"line":4,"column":14},"end":{"line":18,"column":null}},"1":{"start":{"line":6,"column":4},"end":{"line":15,"column":null}},"2":{"start":{"line":19,"column":0},"end":{"line":19,"column":null}}},"fnMap":{"0":{"name":"(anonymous_0)","decl":{"start":{"line":5,"column":2},"end":{"line":5,"column":3}},"loc":{"start":{"line":5,"column":42},"end":{"line":17,"column":null}},"line":5}},"branchMap":{},"s":{"0":1,"1":5,"2":1},"f":{"0":5},"b":{},"meta":{"lastBranch":0,"lastFunction":1,"lastStatement":3,"seen":{"s:4:14:18:Infinity":0,"f:5:2:5:3":0,"s:6:4:15:Infinity":1,"s:19:0:19:Infinity":2}}}
,"C:\\Users\\rainb\\OneDrive\\Desktop\\hireable-design\\apps\\web\\src\\features\\waitlist\\services\\waitlist.service.ts": {"path":"C:\\Users\\rainb\\OneDrive\\Desktop\\hireable-design\\apps\\web\\src\\features\\waitlist\\services\\waitlist.service.ts","statementMap":{"0":{"start":{"line":46,"column":31},"end":{"line":113,"column":null}},"1":{"start":{"line":51,"column":21},"end":{"line":54,"column":null}},"2":{"start":{"line":55,"column":4},"end":{"line":55,"column":null}},"3":{"start":{"line":62,"column":21},"end":{"line":65,"column":null}},"4":{"start":{"line":66,"column":4},"end":{"line":66,"column":null}},"5":{"start":{"line":75,"column":21},"end":{"line":78,"column":null}},"6":{"start":{"line":79,"column":4},"end":{"line":79,"column":null}},"7":{"start":{"line":88,"column":24},"end":{"line":92,"column":null}},"8":{"start":{"line":90,"column":55},"end":{"line":90,"column":74}},"9":{"start":{"line":94,"column":21},"end":{"line":97,"column":null}},"10":{"start":{"line":98,"column":4},"end":{"line":98,"column":null}},"11":{"start":{"line":107,"column":21},"end":{"line":110,"column":null}},"12":{"start":{"line":111,"column":4},"end":{"line":111,"column":null}}},"fnMap":{"0":{"name":"(anonymous_0)","decl":{"start":{"line":50,"column":8},"end":{"line":50,"column":13}},"loc":{"start":{"line":50,"column":71},"end":{"line":56,"column":null}},"line":50},"1":{"name":"(anonymous_1)","decl":{"start":{"line":61,"column":8},"end":{"line":61,"column":19}},"loc":{"start":{"line":61,"column":78},"end":{"line":67,"column":null}},"line":61},"2":{"name":"(anonymous_2)","decl":{"start":{"line":72,"column":8},"end":{"line":72,"column":null}},"loc":{"start":{"line":74,"column":34},"end":{"line":80,"column":null}},"line":74},"3":{"name":"(anonymous_3)","decl":{"start":{"line":85,"column":8},"end":{"line":85,"column":null}},"loc":{"start":{"line":87,"column":47},"end":{"line":99,"column":null}},"line":87},"4":{"name":"(anonymous_4)","decl":{"start":{"line":90,"column":40},"end":{"line":90,"column":41}},"loc":{"start":{"line":90,"column":55},"end":{"line":90,"column":74}},"line":90},"5":{"name":"(anonymous_5)","decl":{"start":{"line":104,"column":8},"end":{"line":104,"column":null}},"loc":{"start":{"line":106,"column":50},"end":{"line":112,"column":null}},"line":106}},"branchMap":{"0":{"loc":{"start":{"line":88,"column":24},"end":{"line":92,"column":null}},"type":"cond-expr","locations":[{"start":{"line":89,"column":8},"end":{"line":91,"column":null}},{"start":{"line":92,"column":8},"end":{"line":92,"column":null}}],"line":88}},"s":{"0":1,"1":0,"2":0,"3":0,"4":0,"5":0,"6":0,"7":1,"8":4,"9":1,"10":1,"11":0,"12":0},"f":{"0":0,"1":0,"2":0,"3":1,"4":4,"5":0},"b":{"0":[1,0]},"meta":{"lastBranch":1,"lastFunction":6,"lastStatement":13,"seen":{"s:46:31:113:Infinity":0,"f:50:8:50:13":0,"s:51:21:54:Infinity":1,"s:55:4:55:Infinity":2,"f:61:8:61:19":1,"s:62:21:65:Infinity":3,"s:66:4:66:Infinity":4,"f:72:8:72:Infinity":2,"s:75:21:78:Infinity":5,"s:79:4:79:Infinity":6,"f:85:8:85:Infinity":3,"s:88:24:92:Infinity":7,"b:89:8:91:Infinity:92:8:92:Infinity":0,"f:90:40:90:41":4,"s:90:55:90:74":8,"s:94:21:97:Infinity":9,"s:98:4:98:Infinity":10,"f:104:8:104:Infinity":5,"s:107:21:110:Infinity":11,"s:111:4:111:Infinity":12}}}
,"C:\\Users\\rainb\\OneDrive\\Desktop\\hireable-design\\apps\\web\\src\\lib\\utils.ts": {"path":"C:\\Users\\rainb\\OneDrive\\Desktop\\hireable-design\\apps\\web\\src\\lib\\utils.ts","statementMap":{"0":{"start":{"line":5,"column":2},"end":{"line":5,"column":null}}},"fnMap":{"0":{"name":"cn","decl":{"start":{"line":4,"column":16},"end":{"line":4,"column":22}},"loc":{"start":{"line":4,"column":44},"end":{"line":6,"column":null}},"line":4}},"branchMap":{},"s":{"0":17},"f":{"0":17},"b":{},"meta":{"lastBranch":0,"lastFunction":1,"lastStatement":1,"seen":{"f:4:16:4:22":0,"s:5:2:5:Infinity":0}}}
,"C:\\Users\\rainb\\OneDrive\\Desktop\\hireable-design\\apps\\web\\src\\services\\api\\endpoints.ts": {"path":"C:\\Users\\rainb\\OneDrive\\Desktop\\hireable-design\\apps\\web\\src\\services\\api\\endpoints.ts","statementMap":{"0":{"start":{"line":10,"column":20},"end":{"line":19,"column":null}},"1":{"start":{"line":21,"column":24},"end":{"line":27,"column":null}},"2":{"start":{"line":29,"column":21},"end":{"line":35,"column":null}},"3":{"start":{"line":31,"column":23},"end":{"line":31,"column":null}},"4":{"start":{"line":32,"column":26},"end":{"line":32,"column":null}},"5":{"start":{"line":33,"column":26},"end":{"line":33,"column":null}},"6":{"start":{"line":37,"column":20},"end":{"line":43,"column":null}},"7":{"start":{"line":39,"column":23},"end":{"line":39,"column":null}},"8":{"start":{"line":41,"column":26},"end":{"line":41,"column":null}},"9":{"start":{"line":42,"column":26},"end":{"line":42,"column":null}},"10":{"start":{"line":45,"column":28},"end":{"line":50,"column":null}},"11":{"start":{"line":47,"column":23},"end":{"line":47,"column":null}},"12":{"start":{"line":49,"column":33},"end":{"line":49,"column":null}},"13":{"start":{"line":52,"column":22},"end":{"line":58,"column":null}},"14":{"start":{"line":54,"column":23},"end":{"line":54,"column":null}},"15":{"start":{"line":56,"column":26},"end":{"line":56,"column":null}},"16":{"start":{"line":57,"column":28},"end":{"line":57,"column":null}}},"fnMap":{"0":{"name":"(anonymous_0)","decl":{"start":{"line":31,"column":7},"end":{"line":31,"column":8}},"loc":{"start":{"line":31,"column":23},"end":{"line":31,"column":null}},"line":31},"1":{"name":"(anonymous_1)","decl":{"start":{"line":32,"column":10},"end":{"line":32,"column":11}},"loc":{"start":{"line":32,"column":26},"end":{"line":32,"column":null}},"line":32},"2":{"name":"(anonymous_2)","decl":{"start":{"line":33,"column":10},"end":{"line":33,"column":11}},"loc":{"start":{"line":33,"column":26},"end":{"line":33,"column":null}},"line":33},"3":{"name":"(anonymous_3)","decl":{"start":{"line":39,"column":7},"end":{"line":39,"column":8}},"loc":{"start":{"line":39,"column":23},"end":{"line":39,"column":null}},"line":39},"4":{"name":"(anonymous_4)","decl":{"start":{"line":41,"column":10},"end":{"line":41,"column":11}},"loc":{"start":{"line":41,"column":26},"end":{"line":41,"column":null}},"line":41},"5":{"name":"(anonymous_5)","decl":{"start":{"line":42,"column":10},"end":{"line":42,"column":11}},"loc":{"start":{"line":42,"column":26},"end":{"line":42,"column":null}},"line":42},"6":{"name":"(anonymous_6)","decl":{"start":{"line":47,"column":7},"end":{"line":47,"column":8}},"loc":{"start":{"line":47,"column":23},"end":{"line":47,"column":null}},"line":47},"7":{"name":"(anonymous_7)","decl":{"start":{"line":49,"column":17},"end":{"line":49,"column":18}},"loc":{"start":{"line":49,"column":33},"end":{"line":49,"column":null}},"line":49},"8":{"name":"(anonymous_8)","decl":{"start":{"line":54,"column":7},"end":{"line":54,"column":8}},"loc":{"start":{"line":54,"column":23},"end":{"line":54,"column":null}},"line":54},"9":{"name":"(anonymous_9)","decl":{"start":{"line":56,"column":10},"end":{"line":56,"column":11}},"loc":{"start":{"line":56,"column":26},"end":{"line":56,"column":null}},"line":56},"10":{"name":"(anonymous_10)","decl":{"start":{"line":57,"column":12},"end":{"line":57,"column":13}},"loc":{"start":{"line":57,"column":28},"end":{"line":57,"column":null}},"line":57}},"branchMap":{},"s":{"0":1,"1":1,"2":1,"3":0,"4":0,"5":0,"6":1,"7":0,"8":0,"9":0,"10":1,"11":0,"12":0,"13":1,"14":0,"15":0,"16":0},"f":{"0":0,"1":0,"2":0,"3":0,"4":0,"5":0,"6":0,"7":0,"8":0,"9":0,"10":0},"b":{},"meta":{"lastBranch":0,"lastFunction":11,"lastStatement":17,"seen":{"s:10:20:19:Infinity":0,"s:21:24:27:Infinity":1,"s:29:21:35:Infinity":2,"f:31:7:31:8":0,"s:31:23:31:Infinity":3,"f:32:10:32:11":1,"s:32:26:32:Infinity":4,"f:33:10:33:11":2,"s:33:26:33:Infinity":5,"s:37:20:43:Infinity":6,"f:39:7:39:8":3,"s:39:23:39:Infinity":7,"f:41:10:41:11":4,"s:41:26:41:Infinity":8,"f:42:10:42:11":5,"s:42:26:42:Infinity":9,"s:45:28:50:Infinity":10,"f:47:7:47:8":6,"s:47:23:47:Infinity":11,"f:49:17:49:18":7,"s:49:33:49:Infinity":12,"s:52:22:58:Infinity":13,"f:54:7:54:8":8,"s:54:23:54:Infinity":14,"f:56:10:56:11":9,"s:56:26:56:Infinity":15,"f:57:12:57:13":10,"s:57:28:57:Infinity":16}}}
}
